WARNING: A restricted method in java.lang.System has been called
WARNING: java.lang.System::load has been called by net.rubygrapefruit.platform.internal.NativeLibraryLoader in an unnamed module (file:/C:/Users/ebrangerieau/.gradle/wrapper/dists/gradle-8.13-bin/5xuhj0ry160q40clulazy9h7d/gradle-8.13/lib/native-platform-0.22-milestone-28.jar)
WARNING: Use --enable-native-access=ALL-UNNAMED to avoid a warning for callers in this module
WARNING: Restricted methods will be blocked in a future release unless native access is enabled

Configuration on demand is an incubating feature.

> Configure project :shared
WARNING: The option setting 'android.overridePathCheck=true' is experimental.
The current default is 'false'.

> Task :shared:checkKotlinGradlePluginConfigurationErrors
> Task :shared:preBuild UP-TO-DATE
> Task :shared:preDebugBuild UP-TO-DATE
> Task :shared:generateDebugResValues UP-TO-DATE
> Task :shared:generateDebugResources UP-TO-DATE
> Task :shared:packageDebugResources UP-TO-DATE
> Task :shared:parseDebugLocalResources UP-TO-DATE
> Task :shared:processDebugManifest UP-TO-DATE
> Task :shared:generateDebugRFile UP-TO-DATE
> Task :shared:kspDebugKotlinAndroid UP-TO-DATE

> Task :shared:compileDebugKotlinAndroid FAILED
e: file:///D:/developpement/bandtrack-mobile/shared/src/androidMain/kotlin/com/bandtrack/data/repository/SongRepository.kt:57:21 Unresolved reference: insertSong
e: file:///D:/developpement/bandtrack-mobile/shared/src/androidMain/kotlin/com/bandtrack/data/repository/SongRepository.kt:298:41 Unresolved reference: getSongById
e: file:///D:/developpement/bandtrack-mobile/shared/src/androidMain/kotlin/com/bandtrack/data/repository/SongRepository.kt:352:21 Unresolved reference: deleteSongById

[Incubating] Problems report is available at: file:///D:/developpement/bandtrack-mobile/build/reports/problems/problems-report.html

FAILURE: Build failed with an exception.

* What went wrong:
Execution failed for task ':shared:compileDebugKotlinAndroid'.
> A failure occurred while executing org.jetbrains.kotlin.compilerRunner.GradleCompilerRunnerWithWorkers$GradleKotlinCompilerWorkAction
   > Compilation error. See log for more details

* Try:
> Run with --stacktrace option to get the stack trace.
> Run with --info or --debug option to get more log output.
> Run with --scan to get full insights.
> Get more help at https://help.gradle.org.

Deprecated Gradle features were used in this build, making it incompatible with Gradle 9.0.

You can use '--warning-mode all' to show the individual deprecation warnings and determine if they come from your own scripts or plugins.

For more on this, please refer to https://docs.gradle.org/8.13/userguide/command_line_interface.html#sec:command_line_warnings in the Gradle documentation.

BUILD FAILED in 2s
8 actionable tasks: 2 executed, 6 up-to-date
