WARNING: A restricted method in java.lang.System has been called
WARNING: java.lang.System::load has been called by net.rubygrapefruit.platform.internal.NativeLibraryLoader in an unnamed module (file:/C:/Users/ebrangerieau/.gradle/wrapper/dists/gradle-8.13-bin/5xuhj0ry160q40clulazy9h7d/gradle-8.13/lib/native-platform-0.22-milestone-28.jar)
WARNING: Use --enable-native-access=ALL-UNNAMED to avoid a warning for callers in this module
WARNING: Restricted methods will be blocked in a future release unless native access is enabled

Configuration on demand is an incubating feature.

> Configure project :androidApp
WARNING: The option setting 'android.overridePathCheck=true' is experimental.
The current default is 'false'.

> Task :shared:preBuild UP-TO-DATE
> Task :shared:preDebugBuild UP-TO-DATE
> Task :androidApp:checkKotlinGradlePluginConfigurationErrors
> Task :androidApp:preBuild UP-TO-DATE
> Task :androidApp:preDebugBuild UP-TO-DATE
> Task :shared:writeDebugAarMetadata UP-TO-DATE
> Task :androidApp:generateDebugResValues UP-TO-DATE
> Task :shared:generateDebugResValues UP-TO-DATE
> Task :shared:generateDebugResources UP-TO-DATE
> Task :shared:packageDebugResources UP-TO-DATE
> Task :shared:extractDeepLinksDebug UP-TO-DATE
> Task :shared:processDebugManifest UP-TO-DATE
> Task :shared:compileDebugLibraryResources UP-TO-DATE
> Task :shared:parseDebugLocalResources UP-TO-DATE
> Task :shared:generateDebugRFile UP-TO-DATE
> Task :shared:checkKotlinGradlePluginConfigurationErrors
> Task :androidApp:checkDebugAarMetadata UP-TO-DATE
> Task :androidApp:processDebugGoogleServices UP-TO-DATE
> Task :androidApp:mapDebugSourceSetPaths UP-TO-DATE
> Task :androidApp:generateDebugResources UP-TO-DATE
> Task :androidApp:mergeDebugResources UP-TO-DATE
> Task :androidApp:packageDebugResources UP-TO-DATE
> Task :androidApp:parseDebugLocalResources UP-TO-DATE
> Task :androidApp:createDebugCompatibleScreenManifests UP-TO-DATE
> Task :androidApp:extractDeepLinksDebug UP-TO-DATE
> Task :androidApp:processDebugMainManifest UP-TO-DATE
> Task :androidApp:processDebugManifest UP-TO-DATE
> Task :androidApp:processDebugManifestForPackage UP-TO-DATE
> Task :shared:kspDebugKotlinAndroid UP-TO-DATE
> Task :shared:compileDebugKotlinAndroid UP-TO-DATE
> Task :shared:javaPreCompileDebug UP-TO-DATE
> Task :shared:compileDebugJavaWithJavac UP-TO-DATE
> Task :shared:bundleLibCompileToJarDebug UP-TO-DATE
> Task :androidApp:processDebugResources UP-TO-DATE

> Task :androidApp:compileDebugKotlin FAILED
e: file:///D:/developpement/bandtrack-mobile/androidApp/src/main/java/com/bandtrack/ui/profile/ProfileViewModel.kt:12:16 Unresolved reference: datetime
e: file:///D:/developpement/bandtrack-mobile/androidApp/src/main/java/com/bandtrack/ui/profile/ProfileViewModel.kt:13:16 Unresolved reference: datetime
e: file:///D:/developpement/bandtrack-mobile/androidApp/src/main/java/com/bandtrack/ui/profile/ProfileViewModel.kt:14:16 Unresolved reference: datetime
e: file:///D:/developpement/bandtrack-mobile/androidApp/src/main/java/com/bandtrack/ui/profile/ProfileViewModel.kt:44:24 Unresolved reference: Instant
e: file:///D:/developpement/bandtrack-mobile/androidApp/src/main/java/com/bandtrack/ui/profile/ProfileViewModel.kt:45:34 Unresolved reference: TimeZone

[Incubating] Problems report is available at: file:///D:/developpement/bandtrack-mobile/build/reports/problems/problems-report.html

FAILURE: Build failed with an exception.

* What went wrong:
Execution failed for task ':androidApp:compileDebugKotlin'.
> A failure occurred while executing org.jetbrains.kotlin.compilerRunner.GradleCompilerRunnerWithWorkers$GradleKotlinCompilerWorkAction
   > Compilation error. See log for more details

* Try:
> Run with --stacktrace option to get the stack trace.
> Run with --info or --debug option to get more log output.
> Run with --scan to get full insights.
> Get more help at https://help.gradle.org.

Deprecated Gradle features were used in this build, making it incompatible with Gradle 9.0.

You can use '--warning-mode all' to show the individual deprecation warnings and determine if they come from your own scripts or plugins.

For more on this, please refer to https://docs.gradle.org/8.13/userguide/command_line_interface.html#sec:command_line_warnings in the Gradle documentation.

BUILD FAILED in 18s
29 actionable tasks: 3 executed, 26 up-to-date
